{"message":"The url return a wrong status code. Maybe the website is down for the moment.","level":"info"}
{"message":{"url":"#"},"level":"info"}
{"message":"The url return a wrong status code. Maybe the website is down for the moment.","level":"info"}
{"message":{},"level":"info"}
{"message":"The url return a wrong status code. Maybe the website is down for the moment.","level":"info"}
{"message":{"url":"/anime/one-piece.html"},"level":"info"}
{"message":"The url return a wrong status code. Maybe the website is down for the moment.","level":"info"}
{"message":{},"level":"info"}
{"message":"The url return a wrong status code. Maybe the website is down for the moment.","level":"info"}
{"message":{"url":"#"},"level":"info"}
{"message":"The url return a wrong status code. Maybe the website is down for the moment.","level":"info"}
{"message":{"url":"https://www5.gogoanime.pro/search?keyword=senko-san"},"level":"info"}
{"message":"The url return a wrong status code. Maybe the website is down for the moment.","level":"info"}
{"message":{"url":"https://www.animeland.us/?s=senko-san"},"level":"info"}
{"message":"The url return a wrong status code. Maybe the website is down for the moment.","level":"info"}
{"message":{"url":"/anime/one-piece.html"},"level":"info"}
{"message":"The url return a wrong status code. Maybe the website is down for the moment.","level":"info"}
{"message":{"url":"https://www5.gogoanime.pro/search?keyword=one%20piece"},"level":"info"}
{"message":"The url return a wrong status code. Maybe the website is down for the moment.","level":"info"}
{"message":{"url":"https://www.animeland.us/?s=one%20piece"},"level":"info"}
{"message":"The mandatory search parameter is empty.","level":"info"}
{"message":"The mandatory search parameter is empty.","level":"info"}
{"message":"The mandatory search parameter is empty.","level":"info"}
{"message":"The url return a wrong status code. Maybe the website is down for the moment.","level":"info"}
{"message":{"url":"/genre/cars.html"},"level":"info"}
{"message":"The url return a wrong status code. Maybe the website is down for the moment.","level":"info"}
{"message":{"url":"https://www5.gogoanime.pro/search?keyword=naruto"},"level":"info"}
{"message":"The url return a wrong status code. Maybe the website is down for the moment.","level":"info"}
{"message":{"url":"https://www.animeland.us/?s=naruto"},"level":"info"}
{"message":"The url return a wrong status code. Maybe the website is down for the moment.","level":"info"}
{"message":{"url":"#"},"level":"info"}
{"message":"The url return a wrong status code. Maybe the website is down for the moment.","level":"info"}
{"message":{"url":"https://www5.gogoanime.pro/search?keyword=senko-san"},"level":"info"}
{"message":"The url return a wrong status code. Maybe the website is down for the moment.","level":"info"}
{"message":{"url":"https://www.animeland.us/?s=senko-san"},"level":"info"}
